{"C:\\Users\\ryupo\\Documents\\Projects\\task-management\\server\\src\\api\\tasks\\task.schema.ts": {"path":"C:\\Users\\ryupo\\Documents\\Projects\\task-management\\server\\src\\api\\tasks\\task.schema.ts","statementMap":{"0":{"start":{"line":1,"column":0},"end":{"line":1,"column":32}},"1":{"start":{"line":2,"column":19},"end":{"line":2,"column":27}},"2":{"start":{"line":4,"column":19},"end":{"line":7,"column":2}},"3":{"start":{"line":9,"column":13},"end":{"line":9,"column":48}},"4":{"start":{"line":11,"column":0},"end":{"line":11,"column":20}}},"fnMap":{},"branchMap":{},"s":{"0":1,"1":1,"2":1,"3":1,"4":1},"f":{},"b":{}}
,"C:\\Users\\ryupo\\Documents\\Projects\\task-management\\server\\src\\api\\tasks\\tasks.service.ts": {"path":"C:\\Users\\ryupo\\Documents\\Projects\\task-management\\server\\src\\api\\tasks\\tasks.service.ts","statementMap":{"0":{"start":{"line":2,"column":0},"end":{"line":2,"column":38}},"1":{"start":{"line":3,"column":0},"end":{"line":3,"column":46}},"2":{"start":{"line":5,"column":31},"end":{"line":9,"column":2}},"3":{"start":{"line":5,"column":42},"end":{"line":9,"column":2}},"4":{"start":{"line":6,"column":16},"end":{"line":6,"column":47}},"5":{"start":{"line":7,"column":2},"end":{"line":7,"column":26}},"6":{"start":{"line":8,"column":2},"end":{"line":8,"column":15}},"7":{"start":{"line":5,"column":13},"end":{"line":5,"column":31}},"8":{"start":{"line":11,"column":33},"end":{"line":21,"column":2}},"9":{"start":{"line":11,"column":66},"end":{"line":21,"column":2}},"10":{"start":{"line":12,"column":2},"end":{"line":12,"column":25}},"11":{"start":{"line":13,"column":18},"end":{"line":16,"column":4}},"12":{"start":{"line":17,"column":2},"end":{"line":17,"column":28}},"13":{"start":{"line":18,"column":17},"end":{"line":18,"column":37}},"14":{"start":{"line":19,"column":2},"end":{"line":19,"column":27}},"15":{"start":{"line":20,"column":2},"end":{"line":20,"column":16}},"16":{"start":{"line":11,"column":13},"end":{"line":11,"column":33}},"17":{"start":{"line":23,"column":33},"end":{"line":40,"column":2}},"18":{"start":{"line":29,"column":5},"end":{"line":40,"column":2}},"19":{"start":{"line":30,"column":2},"end":{"line":30,"column":33}},"20":{"start":{"line":31,"column":22},"end":{"line":33,"column":4}},"21":{"start":{"line":34,"column":2},"end":{"line":37,"column":3}},"22":{"start":{"line":35,"column":4},"end":{"line":35,"column":72}},"23":{"start":{"line":36,"column":4},"end":{"line":36,"column":31}},"24":{"start":{"line":38,"column":2},"end":{"line":38,"column":31}},"25":{"start":{"line":39,"column":2},"end":{"line":39,"column":21}},"26":{"start":{"line":23,"column":13},"end":{"line":23,"column":33}},"27":{"start":{"line":42,"column":33},"end":{"line":54,"column":2}},"28":{"start":{"line":46,"column":5},"end":{"line":54,"column":2}},"29":{"start":{"line":47,"column":2},"end":{"line":47,"column":27}},"30":{"start":{"line":48,"column":22},"end":{"line":48,"column":63}},"31":{"start":{"line":49,"column":2},"end":{"line":52,"column":3}},"32":{"start":{"line":50,"column":4},"end":{"line":50,"column":63}},"33":{"start":{"line":51,"column":4},"end":{"line":51,"column":31}},"34":{"start":{"line":53,"column":2},"end":{"line":53,"column":44}},"35":{"start":{"line":42,"column":13},"end":{"line":42,"column":33}}},"fnMap":{"0":{"name":"(anonymous_8)","decl":{"start":{"line":5,"column":31},"end":{"line":5,"column":40}},"loc":{"start":{"line":5,"column":42},"end":{"line":9,"column":2}}},"1":{"name":"(anonymous_9)","decl":{"start":{"line":5,"column":42},"end":{"line":5,"column":null}},"loc":{"start":{"line":5,"column":42},"end":{"line":9,"column":1}}},"2":{"name":"(anonymous_10)","decl":{"start":{"line":11,"column":33},"end":{"line":11,"column":40}},"loc":{"start":{"line":11,"column":66},"end":{"line":21,"column":2}}},"3":{"name":"(anonymous_11)","decl":{"start":{"line":11,"column":66},"end":{"line":11,"column":null}},"loc":{"start":{"line":11,"column":66},"end":{"line":21,"column":1}}},"4":{"name":"(anonymous_12)","decl":{"start":{"line":23,"column":33},"end":{"line":23,"column":40}},"loc":{"start":{"line":29,"column":5},"end":{"line":40,"column":2}}},"5":{"name":"(anonymous_13)","decl":{"start":{"line":29,"column":5},"end":{"line":29,"column":null}},"loc":{"start":{"line":29,"column":1},"end":{"line":40,"column":1}}},"6":{"name":"(anonymous_14)","decl":{"start":{"line":42,"column":33},"end":{"line":42,"column":40}},"loc":{"start":{"line":46,"column":5},"end":{"line":54,"column":2}}},"7":{"name":"(anonymous_15)","decl":{"start":{"line":46,"column":5},"end":{"line":46,"column":null}},"loc":{"start":{"line":46,"column":1},"end":{"line":54,"column":1}}}},"branchMap":{"0":{"loc":{"start":{"line":34,"column":2},"end":{"line":37,"column":3}},"type":"if","locations":[{"start":{"line":34,"column":2},"end":{"line":37,"column":3}}]},"1":{"loc":{"start":{"line":49,"column":2},"end":{"line":52,"column":3}},"type":"if","locations":[{"start":{"line":49,"column":2},"end":{"line":52,"column":3}}]}},"s":{"0":1,"1":1,"2":1,"3":1,"4":1,"5":1,"6":1,"7":1,"8":1,"9":1,"10":1,"11":1,"12":1,"13":1,"14":1,"15":1,"16":1,"17":1,"18":2,"19":2,"20":2,"21":2,"22":1,"23":1,"24":1,"25":1,"26":1,"27":1,"28":2,"29":2,"30":2,"31":2,"32":1,"33":1,"34":1,"35":1},"f":{"0":1,"1":1,"2":1,"3":1,"4":2,"5":2,"6":2,"7":2},"b":{"0":[1],"1":[1]}}
,"C:\\Users\\ryupo\\Documents\\Projects\\task-management\\server\\src\\configs\\config.ts": {"path":"C:\\Users\\ryupo\\Documents\\Projects\\task-management\\server\\src\\configs\\config.ts","statementMap":{"0":{"start":{"line":1,"column":17},"end":{"line":1,"column":34}},"1":{"start":{"line":18,"column":68},"end":{"line":18,"column":76}},"2":{"start":{"line":2,"column":12},"end":{"line":2,"column":41}},"3":{"start":{"line":3,"column":13},"end":{"line":3,"column":37}},"4":{"start":{"line":18,"column":9},"end":{"line":18,"column":13}},"5":{"start":{"line":5,"column":19},"end":{"line":5,"column":55}},"6":{"start":{"line":6,"column":23},"end":{"line":6,"column":66}},"7":{"start":{"line":7,"column":21},"end":{"line":7,"column":79}},"8":{"start":{"line":8,"column":16},"end":{"line":8,"column":56}},"9":{"start":{"line":10,"column":21},"end":{"line":10,"column":140}},"10":{"start":{"line":18,"column":15},"end":{"line":18,"column":27}},"11":{"start":{"line":12,"column":19},"end":{"line":12,"column":68}},"12":{"start":{"line":18,"column":29},"end":{"line":18,"column":39}},"13":{"start":{"line":14,"column":23},"end":{"line":14,"column":60}},"14":{"start":{"line":18,"column":41},"end":{"line":18,"column":55}},"15":{"start":{"line":16,"column":18},"end":{"line":16,"column":31}},"16":{"start":{"line":18,"column":57},"end":{"line":18,"column":66}}},"fnMap":{},"branchMap":{"0":{"loc":{"start":{"line":2,"column":12},"end":{"line":2,"column":41}},"type":"binary-expr","locations":[{"start":{"line":2,"column":12},"end":{"line":2,"column":32}},{"start":{"line":2,"column":36},"end":{"line":2,"column":41}}]},"1":{"loc":{"start":{"line":3,"column":13},"end":{"line":3,"column":37}},"type":"binary-expr","locations":[{"start":{"line":3,"column":13},"end":{"line":3,"column":29}},{"start":{"line":3,"column":33},"end":{"line":3,"column":37}}]},"2":{"loc":{"start":{"line":5,"column":19},"end":{"line":5,"column":55}},"type":"binary-expr","locations":[{"start":{"line":5,"column":19},"end":{"line":5,"column":41}},{"start":{"line":5,"column":45},"end":{"line":5,"column":55}}]},"3":{"loc":{"start":{"line":6,"column":23},"end":{"line":6,"column":66}},"type":"binary-expr","locations":[{"start":{"line":6,"column":23},"end":{"line":6,"column":49}},{"start":{"line":6,"column":53},"end":{"line":6,"column":66}}]},"4":{"loc":{"start":{"line":7,"column":21},"end":{"line":7,"column":79}},"type":"binary-expr","locations":[{"start":{"line":7,"column":21},"end":{"line":7,"column":45}},{"start":{"line":7,"column":49},"end":{"line":7,"column":79}}]},"5":{"loc":{"start":{"line":8,"column":16},"end":{"line":8,"column":56}},"type":"binary-expr","locations":[{"start":{"line":8,"column":16},"end":{"line":8,"column":35}},{"start":{"line":8,"column":39},"end":{"line":8,"column":56}}]},"6":{"loc":{"start":{"line":12,"column":19},"end":{"line":12,"column":68}},"type":"binary-expr","locations":[{"start":{"line":12,"column":19},"end":{"line":12,"column":41}},{"start":{"line":12,"column":45},"end":{"line":12,"column":68}}]},"7":{"loc":{"start":{"line":14,"column":23},"end":{"line":14,"column":60}},"type":"binary-expr","locations":[{"start":{"line":14,"column":23},"end":{"line":14,"column":49}},{"start":{"line":14,"column":53},"end":{"line":14,"column":60}}]}},"s":{"0":1,"1":1,"2":1,"3":1,"4":1,"5":1,"6":1,"7":1,"8":1,"9":1,"10":1,"11":1,"12":1,"13":1,"14":1,"15":1,"16":1},"f":{},"b":{"0":[1,0],"1":[1,1],"2":[1,1],"3":[1,1],"4":[1,1],"5":[1,1],"6":[1,1],"7":[1,1]}}
,"C:\\Users\\ryupo\\Documents\\Projects\\task-management\\server\\src\\configs\\log.config.ts": {"path":"C:\\Users\\ryupo\\Documents\\Projects\\task-management\\server\\src\\configs\\log.config.ts","statementMap":{"0":{"start":{"line":1,"column":0},"end":{"line":1,"column":46}},"1":{"start":{"line":2,"column":0},"end":{"line":2,"column":56}},"2":{"start":{"line":3,"column":0},"end":{"line":3,"column":63}},"3":{"start":{"line":5,"column":37},"end":{"line":5,"column":51}},"4":{"start":{"line":6,"column":22},"end":{"line":6,"column":41}},"5":{"start":{"line":8,"column":22},"end":{"line":12,"column":null}},"6":{"start":{"line":16,"column":17},"end":{"line":16,"column":58}},"7":{"start":{"line":17,"column":2},"end":{"line":19,"column":3}},"8":{"start":{"line":18,"column":4},"end":{"line":18,"column":63}},"9":{"start":{"line":21,"column":2},"end":{"line":27,"column":5}},"10":{"start":{"line":30,"column":23},"end":{"line":33,"column":2}},"11":{"start":{"line":34,"column":15},"end":{"line":39,"column":2}},"12":{"start":{"line":41,"column":0},"end":{"line":43,"column":1}},"13":{"start":{"line":42,"column":2},"end":{"line":42,"column":47}},"14":{"start":{"line":42,"column":32},"end":{"line":42,"column":45}},"15":{"start":{"line":45,"column":0},"end":{"line":51,"column":1}},"16":{"start":{"line":46,"column":2},"end":{"line":50,"column":4}},"17":{"start":{"line":53,"column":0},"end":{"line":53,"column":22}}},"fnMap":{"0":{"name":"generateWinstonRotateConfig","decl":{"start":{"line":15,"column":9},"end":{"line":15,"column":36}},"loc":{"start":{"line":15,"column":50},"end":{"line":28,"column":1}}},"1":{"name":"(anonymous_2)","decl":{"start":{"line":42,"column":25},"end":{"line":42,"column":26}},"loc":{"start":{"line":42,"column":32},"end":{"line":42,"column":45}}}},"branchMap":{"0":{"loc":{"start":{"line":17,"column":2},"end":{"line":19,"column":3}},"type":"if","locations":[{"start":{"line":17,"column":2},"end":{"line":19,"column":3}}]},"1":{"loc":{"start":{"line":41,"column":0},"end":{"line":43,"column":1}},"type":"if","locations":[{"start":{"line":41,"column":0},"end":{"line":43,"column":1}}]},"2":{"loc":{"start":{"line":45,"column":0},"end":{"line":51,"column":1}},"type":"if","locations":[{"start":{"line":45,"column":0},"end":{"line":51,"column":1}}]}},"s":{"0":1,"1":1,"2":1,"3":1,"4":1,"5":1,"6":2,"7":2,"8":1,"9":2,"10":1,"11":1,"12":1,"13":0,"14":0,"15":1,"16":1,"17":1},"f":{"0":2,"1":0},"b":{"0":[1],"1":[0],"2":[1]}}
}
