TN:
SF:src\api\tasks\task.schema.ts
FNF:0
FNH:0
DA:1,1
DA:2,1
DA:4,1
DA:9,1
DA:11,1
LF:5
LH:5
BRF:0
BRH:0
end_of_record
TN:
SF:src\api\tasks\tasks.service.ts
FN:5,(anonymous_8)
FN:5,(anonymous_9)
FN:11,(anonymous_10)
FN:11,(anonymous_11)
FN:23,(anonymous_12)
FN:29,(anonymous_13)
FN:42,(anonymous_14)
FN:46,(anonymous_15)
FNF:8
FNH:8
FNDA:1,(anonymous_8)
FNDA:1,(anonymous_9)
FNDA:1,(anonymous_10)
FNDA:1,(anonymous_11)
FNDA:2,(anonymous_12)
FNDA:2,(anonymous_13)
FNDA:2,(anonymous_14)
FNDA:2,(anonymous_15)
DA:2,1
DA:3,1
DA:5,1
DA:6,1
DA:7,1
DA:8,1
DA:11,1
DA:12,1
DA:13,1
DA:17,1
DA:18,1
DA:19,1
DA:20,1
DA:23,1
DA:29,2
DA:30,2
DA:31,2
DA:34,2
DA:35,1
DA:36,1
DA:38,1
DA:39,1
DA:42,1
DA:46,2
DA:47,2
DA:48,2
DA:49,2
DA:50,1
DA:51,1
DA:53,1
LF:30
LH:30
BRDA:34,0,0,1
BRDA:49,1,0,1
BRF:2
BRH:2
end_of_record
TN:
SF:src\configs\config.ts
FNF:0
FNH:0
DA:1,1
DA:2,1
DA:3,1
DA:5,1
DA:6,1
DA:7,1
DA:8,1
DA:10,1
DA:12,1
DA:14,1
DA:16,1
DA:18,1
LF:12
LH:12
BRDA:2,0,0,1
BRDA:2,0,1,0
BRDA:3,1,0,1
BRDA:3,1,1,1
BRDA:5,2,0,1
BRDA:5,2,1,1
BRDA:6,3,0,1
BRDA:6,3,1,1
BRDA:7,4,0,1
BRDA:7,4,1,1
BRDA:8,5,0,1
BRDA:8,5,1,1
BRDA:12,6,0,1
BRDA:12,6,1,1
BRDA:14,7,0,1
BRDA:14,7,1,1
BRF:16
BRH:15
end_of_record
TN:
SF:src\configs\log.config.ts
FN:15,generateWinstonRotateConfig
FN:42,(anonymous_2)
FNF:2
FNH:1
FNDA:2,generateWinstonRotateConfig
FNDA:0,(anonymous_2)
DA:1,1
DA:2,1
DA:3,1
DA:5,1
DA:6,1
DA:8,1
DA:16,2
DA:17,2
DA:18,1
DA:21,2
DA:30,1
DA:34,1
DA:41,1
DA:42,0
DA:45,1
DA:46,1
DA:53,1
LF:17
LH:16
BRDA:17,0,0,1
BRDA:41,1,0,0
BRDA:45,2,0,1
BRF:3
BRH:2
end_of_record
